{
  message: {
    username: 'lq',
    host: '127.0.0.1:8880',
    connection: 'keep-alive',
    'user-agent': 'Mozilla/5.0 (Macintosh; Intel Mac OS X 10_15_7) AppleWebKit/537.36 (KHTML, like Gecko) Chrome/118.0.0.0 Safari/537.36',
    'content-type': 'application/x-www-form-urlencoded',
    accept: '*/*',
    'sec-fetch-site': 'none',
    'sec-fetch-mode': 'cors',
    'sec-fetch-dest': 'empty',
    'accept-encoding': 'gzip, deflate, br',
    'accept-language': 'zh-CN,zh;q=0.9',
    'X-Request-Id': '403c9360-74ad-11ee-8afc-593fa1dadb3a'
  },
  level: 'info',
  timestamp: '2023-10-27 17:43:15'
}
{
  message: {
    username: 'lq',
    host: '127.0.0.1:8880',
    connection: 'keep-alive',
    'user-agent': 'Mozilla/5.0 (Macintosh; Intel Mac OS X 10_15_7) AppleWebKit/537.36 (KHTML, like Gecko) Chrome/118.0.0.0 Safari/537.36',
    'content-type': 'application/x-www-form-urlencoded',
    accept: '*/*',
    'sec-fetch-site': 'none',
    'sec-fetch-mode': 'cors',
    'sec-fetch-dest': 'empty',
    'accept-encoding': 'gzip, deflate, br',
    'accept-language': 'zh-CN,zh;q=0.9',
    'X-Request-Id': '6c00f3b0-74ad-11ee-8afc-593fa1dadb3a'
  },
  level: 'info',
  timestamp: '2023-10-27 17:44:28'
}
{
  message: {
    username: 'lq',
    host: '127.0.0.1:8880',
    connection: 'keep-alive',
    'user-agent': 'Mozilla/5.0 (Macintosh; Intel Mac OS X 10_15_7) AppleWebKit/537.36 (KHTML, like Gecko) Chrome/118.0.0.0 Safari/537.36',
    'content-type': 'application/x-www-form-urlencoded',
    accept: '*/*',
    'sec-fetch-site': 'none',
    'sec-fetch-mode': 'cors',
    'sec-fetch-dest': 'empty',
    'accept-encoding': 'gzip, deflate, br',
    'accept-language': 'zh-CN,zh;q=0.9',
    'X-Request-Id': '8ce2c4a0-74ad-11ee-ac12-5bde2a961c7a'
  },
  level: 'info',
  timestamp: '2023-10-27 17:45:23'
}
{
  message: {
    username: 'lq',
    host: '127.0.0.1:8880',
    connection: 'keep-alive',
    'user-agent': 'Mozilla/5.0 (Macintosh; Intel Mac OS X 10_15_7) AppleWebKit/537.36 (KHTML, like Gecko) Chrome/118.0.0.0 Safari/537.36',
    'content-type': 'application/x-www-form-urlencoded',
    accept: '*/*',
    'sec-fetch-site': 'none',
    'sec-fetch-mode': 'cors',
    'sec-fetch-dest': 'empty',
    'accept-encoding': 'gzip, deflate, br',
    'accept-language': 'zh-CN,zh;q=0.9',
    'X-Request-Id': 'b3e2e620-74ad-11ee-ad9f-7b7380e77da8'
  },
  level: 'info',
  timestamp: '2023-10-27 17:46:29'
}
{
  message: {
    username: 'kk',
    host: '127.0.0.1:8880',
    connection: 'keep-alive',
    'user-agent': 'Mozilla/5.0 (Macintosh; Intel Mac OS X 10_15_7) AppleWebKit/537.36 (KHTML, like Gecko) Chrome/118.0.0.0 Safari/537.36',
    'content-type': 'application/x-www-form-urlencoded',
    accept: '*/*',
    'sec-fetch-site': 'none',
    'sec-fetch-mode': 'cors',
    'sec-fetch-dest': 'empty',
    'accept-encoding': 'gzip, deflate, br',
    'accept-language': 'zh-CN,zh;q=0.9',
    'X-Request-Id': 'e239d830-74ad-11ee-ad9f-7b7380e77da8'
  },
  level: 'info',
  timestamp: '2023-10-27 17:47:46'
}
{
  message: {
    username: 'lq99',
    host: '127.0.0.1:8880',
    connection: 'keep-alive',
    'user-agent': 'Mozilla/5.0 (Macintosh; Intel Mac OS X 10_15_7) AppleWebKit/537.36 (KHTML, like Gecko) Chrome/118.0.0.0 Safari/537.36',
    'content-type': 'application/x-www-form-urlencoded',
    accept: '*/*',
    'sec-fetch-site': 'none',
    'sec-fetch-mode': 'cors',
    'sec-fetch-dest': 'empty',
    'accept-encoding': 'gzip, deflate, br',
    'accept-language': 'zh-CN,zh;q=0.9',
    'X-Request-Id': 'ea3fd480-74ad-11ee-ad9f-7b7380e77da8'
  },
  level: 'info',
  timestamp: '2023-10-27 17:48:00'
}
{
  message: {
    userooname: 'lq99',
    host: '127.0.0.1:8880',
    connection: 'keep-alive',
    'user-agent': 'Mozilla/5.0 (Macintosh; Intel Mac OS X 10_15_7) AppleWebKit/537.36 (KHTML, like Gecko) Chrome/118.0.0.0 Safari/537.36',
    'content-type': 'application/x-www-form-urlencoded',
    accept: '*/*',
    'sec-fetch-site': 'none',
    'sec-fetch-mode': 'cors',
    'sec-fetch-dest': 'empty',
    'accept-encoding': 'gzip, deflate, br',
    'accept-language': 'zh-CN,zh;q=0.9',
    'X-Request-Id': '54d068a0-74ae-11ee-8d4e-a3a965e36e65'
  },
  level: 'info',
  timestamp: '2023-10-27 17:50:59'
}
